<?xml version="1.0" encoding="UTF-8"?>
<!-- Generated by org.testng.reporters.JUnitReportReporter -->
<testsuite skipped="0" hostname="DESKTOP-N82JFE8" name="TestCase.Test01" tests="1" failures="0" timestamp="17 Dec 2019 17:10:24 GMT" time="20.388" errors="0">
  <testcase name="test_Login" time="20.388" classname="TestCase.Test01"/>
</testsuite> <!-- TestCase.Test01 -->
