<?xml version="1.0" encoding="UTF-8"?>
<!-- Generated by org.testng.reporters.JUnitReportReporter -->
<testsuite skipped="0" hostname="DESKTOP-E9MU58I" name="TestCase.Test01" tests="1" failures="0" timestamp="22 Jul 2020 09:28:37 GMT" time="19.699" errors="0">
  <testcase name="test_Login" time="19.699" classname="TestCase.Test01"/>
</testsuite> <!-- TestCase.Test01 -->
